[2018-12-19 14:50:13.282] [sharedprocess] [info] main {"machineId":"107063ad2ced5b015ab79e799faa31e51251431e71e914c0a8f28906b8f6ae6f"}
[2018-12-19 14:50:13.404] [sharedprocess] [info] Scanned user extensions: 1
[2018-12-19 14:50:14.000] [sharedprocess] [info] Scanned system extensions: 71
[2018-12-19 14:50:14.971] [sharedprocess] [info] Scanned user extensions: 1
[2018-12-19 14:50:14.976] [sharedprocess] [info] Scanned user extensions: 1
[2018-12-19 14:50:14.978] [sharedprocess] [info] Scanned user extensions: 1
[2018-12-19 14:50:15.085] [sharedprocess] [info] Scanned system extensions: 71
[2018-12-19 14:50:15.093] [sharedprocess] [info] Scanned system extensions: 71
[2018-12-19 14:50:15.100] [sharedprocess] [info] Scanned system extensions: 71
[2018-12-19 14:50:15.818] [sharedprocess] [info] Scanned user extensions: 1
[2018-12-19 14:50:29.611] [sharedprocess] [info] Scanned user extensions: 1
[2018-12-19 14:50:29.616] [sharedprocess] [info] Scanned user extensions: 1
[2018-12-19 14:50:29.756] [sharedprocess] [info] Scanned system extensions: 71
[2018-12-19 14:50:29.763] [sharedprocess] [info] Scanned system extensions: 71
[2018-12-19 14:50:30.037] [sharedprocess] [info] Scanned user extensions: 1
[2018-12-19 14:50:53.286] [sharedprocess] [info] Starting to clean up unused language packs.
[2018-12-19 14:55:30.058] [sharedprocess] [info] Scanned user extensions: 1
[2018-12-19 15:00:30.065] [sharedprocess] [info] Scanned user extensions: 1
[2018-12-19 15:05:30.076] [sharedprocess] [info] Scanned user extensions: 1
[2018-12-19 15:10:30.087] [sharedprocess] [info] Scanned user extensions: 1
[2018-12-19 15:15:30.099] [sharedprocess] [info] Scanned user extensions: 1
[2018-12-19 15:20:30.110] [sharedprocess] [info] Scanned user extensions: 1
[2018-12-19 15:25:30.122] [sharedprocess] [info] Scanned user extensions: 1
[2018-12-19 15:30:30.133] [sharedprocess] [info] Scanned user extensions: 1
[2018-12-19 15:35:30.145] [sharedprocess] [info] Scanned user extensions: 1
[2018-12-19 15:40:30.162] [sharedprocess] [info] Scanned user extensions: 1
[2018-12-19 15:45:30.167] [sharedprocess] [info] Scanned user extensions: 1
[2018-12-19 15:50:30.186] [sharedprocess] [info] Scanned user extensions: 1
[2018-12-19 15:55:30.191] [sharedprocess] [info] Scanned user extensions: 1
[2018-12-19 16:00:30.201] [sharedprocess] [info] Scanned user extensions: 1
[2018-12-19 18:38:40.183] [sharedprocess] [info] Scanned user extensions: 1
[2018-12-19 18:43:40.196] [sharedprocess] [info] Scanned user extensions: 1
[2018-12-19 18:48:40.207] [sharedprocess] [info] Scanned user extensions: 1
[2018-12-19 18:53:40.231] [sharedprocess] [info] Scanned user extensions: 1
[2018-12-19 18:58:40.243] [sharedprocess] [info] Scanned user extensions: 1
[2018-12-19 19:03:40.254] [sharedprocess] [info] Scanned user extensions: 1
[2018-12-19 19:08:40.263] [sharedprocess] [info] Scanned user extensions: 1
[2018-12-19 19:13:41.195] [sharedprocess] [info] Scanned user extensions: 1
[2018-12-19 19:18:41.204] [sharedprocess] [info] Scanned user extensions: 1
[2018-12-19 19:23:41.216] [sharedprocess] [info] Scanned user extensions: 1
[2018-12-19 19:28:41.222] [sharedprocess] [info] Scanned user extensions: 1
[2018-12-19 19:33:41.229] [sharedprocess] [info] Scanned user extensions: 1
[2018-12-19 19:38:41.537] [sharedprocess] [info] Scanned user extensions: 1
[2018-12-19 19:43:41.548] [sharedprocess] [info] Scanned user extensions: 1
[2018-12-19 19:48:41.561] [sharedprocess] [info] Scanned user extensions: 1
[2018-12-19 19:53:41.568] [sharedprocess] [info] Scanned user extensions: 1
[2018-12-19 19:58:41.580] [sharedprocess] [info] Scanned user extensions: 1
[2018-12-19 20:03:41.590] [sharedprocess] [info] Scanned user extensions: 1
[2018-12-19 20:08:41.601] [sharedprocess] [info] Scanned user extensions: 1
[2018-12-19 20:13:41.611] [sharedprocess] [info] Scanned user extensions: 1
[2018-12-19 20:18:41.618] [sharedprocess] [info] Scanned user extensions: 1
[2018-12-19 20:23:41.629] [sharedprocess] [info] Scanned user extensions: 1
[2018-12-19 20:28:41.641] [sharedprocess] [info] Scanned user extensions: 1
[2018-12-19 20:33:41.652] [sharedprocess] [info] Scanned user extensions: 1
[2018-12-19 20:38:42.066] [sharedprocess] [info] Scanned user extensions: 1
[2018-12-19 20:43:42.077] [sharedprocess] [info] Scanned user extensions: 1
[2018-12-19 20:48:42.084] [sharedprocess] [info] Scanned user extensions: 1
[2018-12-19 20:53:42.095] [sharedprocess] [info] Scanned user extensions: 1
[2018-12-19 20:58:42.102] [sharedprocess] [info] Scanned user extensions: 1
[2018-12-19 21:03:42.122] [sharedprocess] [info] Scanned user extensions: 1
[2018-12-19 21:08:42.131] [sharedprocess] [info] Scanned user extensions: 1
[2018-12-19 21:13:42.137] [sharedprocess] [info] Scanned user extensions: 1
[2018-12-19 21:18:42.147] [sharedprocess] [info] Scanned user extensions: 1
[2018-12-19 21:23:42.156] [sharedprocess] [info] Scanned user extensions: 1
[2018-12-19 21:28:42.165] [sharedprocess] [info] Scanned user extensions: 1
[2018-12-19 21:33:42.171] [sharedprocess] [info] Scanned user extensions: 1
[2018-12-19 21:38:42.582] [sharedprocess] [info] Scanned user extensions: 1
[2018-12-19 21:43:42.591] [sharedprocess] [info] Scanned user extensions: 1
[2018-12-19 21:48:42.596] [sharedprocess] [info] Scanned user extensions: 1
[2018-12-19 21:53:42.602] [sharedprocess] [info] Scanned user extensions: 1
[2018-12-19 21:58:42.613] [sharedprocess] [info] Scanned user extensions: 1
[2018-12-19 22:03:42.624] [sharedprocess] [info] Scanned user extensions: 1
[2018-12-19 22:08:42.634] [sharedprocess] [info] Scanned user extensions: 1
[2018-12-19 22:13:42.642] [sharedprocess] [info] Scanned user extensions: 1
[2018-12-19 22:18:42.654] [sharedprocess] [info] Scanned user extensions: 1
[2018-12-19 22:23:42.667] [sharedprocess] [info] Scanned user extensions: 1
[2018-12-19 22:28:42.678] [sharedprocess] [info] Scanned user extensions: 1
[2018-12-19 22:33:42.688] [sharedprocess] [info] Scanned user extensions: 1
[2018-12-19 22:38:43.134] [sharedprocess] [info] Scanned user extensions: 1
[2018-12-19 22:43:43.144] [sharedprocess] [info] Scanned user extensions: 1
[2018-12-19 22:48:43.155] [sharedprocess] [info] Scanned user extensions: 1
[2018-12-19 22:53:43.165] [sharedprocess] [info] Scanned user extensions: 1
[2018-12-19 22:58:43.179] [sharedprocess] [info] Scanned user extensions: 1
[2018-12-19 23:03:43.189] [sharedprocess] [info] Scanned user extensions: 1
[2018-12-19 23:08:43.197] [sharedprocess] [info] Scanned user extensions: 1
[2018-12-19 23:13:43.207] [sharedprocess] [info] Scanned user extensions: 1
[2018-12-19 23:18:43.218] [sharedprocess] [info] Scanned user extensions: 1
[2018-12-19 23:23:43.225] [sharedprocess] [info] Scanned user extensions: 1
[2018-12-19 23:28:43.235] [sharedprocess] [info] Scanned user extensions: 1
[2018-12-19 23:33:43.245] [sharedprocess] [info] Scanned user extensions: 1
[2018-12-19 23:38:43.628] [sharedprocess] [info] Scanned user extensions: 1
[2018-12-19 23:43:43.639] [sharedprocess] [info] Scanned user extensions: 1
[2018-12-19 23:48:43.649] [sharedprocess] [info] Scanned user extensions: 1
[2018-12-19 23:53:43.659] [sharedprocess] [info] Scanned user extensions: 1
[2018-12-19 23:58:43.670] [sharedprocess] [info] Scanned user extensions: 1
[2018-12-20 00:03:43.681] [sharedprocess] [info] Scanned user extensions: 1
[2018-12-20 00:08:43.690] [sharedprocess] [info] Scanned user extensions: 1
[2018-12-20 00:13:43.700] [sharedprocess] [info] Scanned user extensions: 1
[2018-12-20 00:18:43.710] [sharedprocess] [info] Scanned user extensions: 1
[2018-12-20 00:23:43.716] [sharedprocess] [info] Scanned user extensions: 1
[2018-12-20 00:28:43.726] [sharedprocess] [info] Scanned user extensions: 1
[2018-12-20 00:33:43.738] [sharedprocess] [info] Scanned user extensions: 1
[2018-12-21 10:49:01.974] [sharedprocess] [info] Scanned user extensions: 1
[2018-12-21 10:54:01.988] [sharedprocess] [info] Scanned user extensions: 1
[2018-12-21 10:59:01.999] [sharedprocess] [info] Scanned user extensions: 1
[2018-12-21 11:00:40.612] [sharedprocess] [info] Scanned user extensions: 1
[2018-12-21 11:00:40.617] [sharedprocess] [info] Scanned user extensions: 1
[2018-12-21 11:00:40.723] [sharedprocess] [info] Scanned system extensions: 71
[2018-12-21 11:00:40.729] [sharedprocess] [info] Scanned system extensions: 71
[2018-12-21 11:00:41.090] [sharedprocess] [info] Scanned user extensions: 1
[2018-12-21 11:05:41.105] [sharedprocess] [info] Scanned user extensions: 1
[2018-12-21 11:07:33.897] [sharedprocess] [info] Scanned user extensions: 1
[2018-12-21 11:07:33.954] [sharedprocess] [info] Scanned system extensions: 71
[2018-12-21 11:07:43.651] [sharedprocess] [info] Scanned user extensions: 1
[2018-12-21 11:07:43.651] [sharedprocess] [info] Scanned user extensions: 1
[2018-12-21 11:07:43.657] [sharedprocess] [info] Scanned user extensions: 1
[2018-12-21 11:07:43.661] [sharedprocess] [info] Scanned user extensions: 1
[2018-12-21 11:07:43.741] [sharedprocess] [info] Scanned system extensions: 71
[2018-12-21 11:07:43.746] [sharedprocess] [info] Scanned system extensions: 71
[2018-12-21 11:07:43.749] [sharedprocess] [info] Scanned system extensions: 71
[2018-12-21 11:07:44.170] [sharedprocess] [info] Scanned user extensions: 1
[2018-12-21 11:07:44.172] [sharedprocess] [info] Scanned user extensions: 1
[2018-12-21 11:07:44.174] [sharedprocess] [info] Scanned user extensions: 1
[2018-12-21 11:07:44.264] [sharedprocess] [info] Scanned system extensions: 71
[2018-12-21 11:07:44.268] [sharedprocess] [info] Scanned system extensions: 71
[2018-12-21 11:07:44.271] [sharedprocess] [info] Scanned system extensions: 71
[2018-12-21 11:07:45.789] [sharedprocess] [info] Installing extension: python
[2018-12-21 11:07:45.795] [sharedprocess] [info] Scanned user extensions: 1
[2018-12-21 11:08:14.128] [sharedprocess] [info] Downloaded extension: python /tmp/981fe95c-0a87-4521-84e7-21f16d8af010
[2018-12-21 11:08:15.026] [sharedprocess] [info] Extracted extension to /root/.vscode/extensions/.ms-python.python-2018.12.1: ms-python.python-2018.12.1
[2018-12-21 11:08:15.027] [sharedprocess] [info] Renamed to /root/.vscode/extensions/ms-python.python-2018.12.1
[2018-12-21 11:08:15.030] [sharedprocess] [info] Installation completed. ms-python.python-2018.12.1
[2018-12-21 11:08:15.104] [sharedprocess] [info] Extensions installed successfully: ms-python.python
[2018-12-21 11:08:15.235] [sharedprocess] [info] Scanned user extensions: 2
[2018-12-21 11:08:15.236] [sharedprocess] [info] Scanned user extensions: 2
[2018-12-21 11:08:15.276] [sharedprocess] [info] Scanned system extensions: 71
[2018-12-21 11:08:15.279] [sharedprocess] [info] Scanned system extensions: 71
[2018-12-21 11:10:41.120] [sharedprocess] [info] Scanned user extensions: 2
[2018-12-21 11:15:41.135] [sharedprocess] [info] Scanned user extensions: 2
[2018-12-21 11:20:43.645] [sharedprocess] [info] Scanned user extensions: 2
[2018-12-21 11:25:43.655] [sharedprocess] [info] Scanned user extensions: 2
[2018-12-21 11:30:03.447] [sharedprocess] [info] Scanned user extensions: 2
[2018-12-21 11:30:03.460] [sharedprocess] [info] Scanned user extensions: 2
[2018-12-21 11:30:03.629] [sharedprocess] [info] Scanned system extensions: 71
[2018-12-21 11:30:03.636] [sharedprocess] [info] Scanned system extensions: 71
[2018-12-21 11:30:03.690] [sharedprocess] [info] Scanned user extensions: 2
[2018-12-21 11:30:05.583] [sharedprocess] [info] Scanned user extensions: 2
[2018-12-21 11:30:05.649] [sharedprocess] [info] Scanned system extensions: 71
[2018-12-21 11:34:01.816] [sharedprocess] [info] Scanned user extensions: 2
[2018-12-21 11:34:01.834] [sharedprocess] [info] Scanned user extensions: 2
[2018-12-21 11:34:01.996] [sharedprocess] [info] Scanned system extensions: 71
[2018-12-21 11:34:02.002] [sharedprocess] [info] Scanned system extensions: 71
[2018-12-21 11:34:02.335] [sharedprocess] [info] Scanned user extensions: 2
[2018-12-21 11:34:03.292] [sharedprocess] [info] Scanned user extensions: 2
[2018-12-21 11:34:03.349] [sharedprocess] [info] Scanned system extensions: 71
