[2018-12-16 21:18:53.320] [sharedprocess] [info] main {"machineId":"107063ad2ced5b015ab79e799faa31e51251431e71e914c0a8f28906b8f6ae6f"}
[2018-12-16 21:18:53.353] [sharedprocess] [info] Scanned user extensions: 0
[2018-12-16 21:18:53.402] [sharedprocess] [info] Scanned system extensions: 71
[2018-12-16 21:18:53.414] [sharedprocess] [info] Scanned user extensions: 0
[2018-12-16 21:18:53.418] [sharedprocess] [info] Scanned user extensions: 0
[2018-12-16 21:18:53.466] [sharedprocess] [info] Scanned system extensions: 71
[2018-12-16 21:18:53.469] [sharedprocess] [info] Scanned system extensions: 71
[2018-12-16 21:18:53.522] [sharedprocess] [info] Scanned user extensions: 0
[2018-12-16 21:19:00.960] [sharedprocess] [info] Scanned user extensions: 0
[2018-12-16 21:19:00.963] [sharedprocess] [info] Scanned user extensions: 0
[2018-12-16 21:19:01.072] [sharedprocess] [info] Scanned system extensions: 71
[2018-12-16 21:19:01.078] [sharedprocess] [info] Scanned system extensions: 71
[2018-12-16 21:19:01.511] [sharedprocess] [info] Scanned user extensions: 0
[2018-12-16 21:19:18.227] [sharedprocess] [info] Scanned user extensions: 0
[2018-12-16 21:19:18.233] [sharedprocess] [info] Scanned user extensions: 0
[2018-12-16 21:19:18.236] [sharedprocess] [info] Scanned user extensions: 0
[2018-12-16 21:19:18.257] [sharedprocess] [info] Scanned user extensions: 0
[2018-12-16 21:19:18.360] [sharedprocess] [info] Scanned system extensions: 71
[2018-12-16 21:19:18.364] [sharedprocess] [info] Scanned system extensions: 71
[2018-12-16 21:19:18.368] [sharedprocess] [info] Scanned system extensions: 71
[2018-12-16 21:19:33.324] [sharedprocess] [info] Starting to clean up unused language packs.
[2018-12-16 21:19:33.939] [sharedprocess] [info] Installing extension: laravel-5-snippets
[2018-12-16 21:19:33.941] [sharedprocess] [info] Scanned user extensions: 0
[2018-12-16 21:19:34.844] [sharedprocess] [info] Downloaded extension: laravel-5-snippets /tmp/5c71565b-322f-45b0-afa7-1ba297025a05
[2018-12-16 21:19:34.868] [sharedprocess] [info] Extracted extension to /root/.vscode/extensions/.sachittandukar.laravel-5-snippets-2.0.1: sachittandukar.laravel-5-snippets-2.0.1
[2018-12-16 21:19:34.868] [sharedprocess] [info] Renamed to /root/.vscode/extensions/sachittandukar.laravel-5-snippets-2.0.1
[2018-12-16 21:19:34.869] [sharedprocess] [info] Installation completed. sachittandukar.laravel-5-snippets-2.0.1
[2018-12-16 21:19:34.925] [sharedprocess] [info] Extensions installed successfully: sachittandukar.laravel-5-snippets
[2018-12-16 21:19:35.041] [sharedprocess] [info] Scanned user extensions: 1
[2018-12-16 21:19:35.063] [sharedprocess] [info] Scanned system extensions: 71
[2018-12-16 21:24:01.528] [sharedprocess] [info] Scanned user extensions: 1
[2018-12-16 21:29:01.535] [sharedprocess] [info] Scanned user extensions: 1
[2018-12-16 21:34:01.545] [sharedprocess] [info] Scanned user extensions: 1
[2018-12-16 21:39:01.551] [sharedprocess] [info] Scanned user extensions: 1
[2018-12-16 21:44:01.560] [sharedprocess] [info] Scanned user extensions: 1
[2018-12-16 21:49:01.574] [sharedprocess] [info] Scanned user extensions: 1
[2018-12-16 21:54:01.595] [sharedprocess] [info] Scanned user extensions: 1
[2018-12-16 21:59:01.603] [sharedprocess] [info] Scanned user extensions: 1
[2018-12-16 22:04:01.611] [sharedprocess] [info] Scanned user extensions: 1
[2018-12-16 22:09:01.624] [sharedprocess] [info] Scanned user extensions: 1
[2018-12-16 22:14:01.635] [sharedprocess] [info] Scanned user extensions: 1
[2018-12-16 22:19:02.014] [sharedprocess] [info] Scanned user extensions: 1
[2018-12-16 22:24:02.021] [sharedprocess] [info] Scanned user extensions: 1
[2018-12-16 22:29:02.028] [sharedprocess] [info] Scanned user extensions: 1
[2018-12-16 22:34:02.044] [sharedprocess] [info] Scanned user extensions: 1
[2018-12-16 22:39:02.053] [sharedprocess] [info] Scanned user extensions: 1
[2018-12-16 22:44:02.065] [sharedprocess] [info] Scanned user extensions: 1
[2018-12-16 22:49:02.071] [sharedprocess] [info] Scanned user extensions: 1
[2018-12-16 22:54:02.082] [sharedprocess] [info] Scanned user extensions: 1
[2018-12-16 22:59:02.093] [sharedprocess] [info] Scanned user extensions: 1
[2018-12-16 23:04:02.099] [sharedprocess] [info] Scanned user extensions: 1
[2018-12-16 23:09:02.104] [sharedprocess] [info] Scanned user extensions: 1
[2018-12-16 23:14:02.110] [sharedprocess] [info] Scanned user extensions: 1
[2018-12-16 23:19:02.439] [sharedprocess] [info] Scanned user extensions: 1
[2018-12-16 23:24:02.446] [sharedprocess] [info] Scanned user extensions: 1
[2018-12-16 23:29:02.452] [sharedprocess] [info] Scanned user extensions: 1
