Looking for git in: git
Using git 2.17.1 from git
> git rev-parse --show-toplevel
> git config --get commit.template
Open repository: /home/fauro/Documentos/hackfest/aondejaok
> git status -z -u
> git symbolic-ref --short HEAD
> git rev-parse master
> git rev-parse --symbolic-full-name master@{u}
> git rev-list --left-right master...refs/remotes/origin/master
> git for-each-ref --format %(refname) %(objectname) --sort -committerdate
> git remote --verbose
> git check-ignore -z --stdin
> git check-ignore -z --stdin
> git show :routes/web.php
> git check-ignore -z --stdin
> git check-ignore -z --stdin
> git check-ignore -z --stdin
> git show :app/Http/Controllers/HomeController.php
> git ls-files --stage -- app/Http/Controllers/
> git check-ignore -z --stdin
> git show :app/Http/Middleware/Authenticate.php
> git check-ignore -z --stdin
> git check-ignore -z --stdin
> git check-ignore -z --stdin
> git show :resources/views/auth/login.blade.php
> git ls-files --stage -- resources/views/auth/
> git show :resources/views/auth/register.blade.php
> git ls-files --stage -- resources/views/auth/
> git show :resources/views/auth/verify.blade.php
> git ls-files --stage -- resources/views/auth/
> git check-ignore -z --stdin
> git check-ignore -z --stdin
> git check-ignore -z --stdin
> git show :database/migrations/2014_10_12_000000_create_users_table.php
> git show :database/migrations/2014_10_12_100000_create_password_resets_table.php
> git show :database/migrations/2018_12_17_004648_carros.php
> git show :database/migrations/2014_10_12_100000_create_password_resets_table.php
> git show :database/migrations/2014_10_12_000000_create_users_table.php
> git show :database/migrations/2014_10_12_100000_create_password_resets_table.php
> git show :database/migrations/2014_10_12_000000_create_users_table.php
> git show :database/migrations/2014_10_12_100000_create_password_resets_table.php
> git show :database/migrations/2014_10_12_000000_create_users_table.php
> git show :database/migrations/2014_10_12_100000_create_password_resets_table.php
> git show :database/migrations/2014_10_12_000000_create_users_table.php
> git check-ignore -z --stdin
> git show :database/migrations/2014_10_12_100000_create_password_resets_table.php
> git show :app/Http/Controllers/HomeController.php
> git ls-files --stage -- app/Http/Controllers/
> git check-ignore -z --stdin
> git show :resources/views/auth/register.blade.php
> git ls-files --stage -- resources/views/auth/
> git show :routes/web.php
> git show :resources/views/auth/register.blade.php
> git ls-files --stage -- resources/views/auth/
> git check-ignore -z --stdin
> git show :resources/views/layouts/app.blade.php
> git ls-files --stage -- resources/views/layouts/
> git check-ignore -z --stdin
> git show :app/Providers/AuthServiceProvider.php
> git show :app/Providers/AppServiceProvider.php
> git show :app/User.php
> git show :database/migrations/2014_10_12_000000_create_users_table.php
> git show :app/User.php
> git show :app/Providers/AppServiceProvider.php
> git show :database/migrations/2014_10_12_000000_create_users_table.php
> git show :app/Providers/AppServiceProvider.php
> git show :database/migrations/2014_10_12_000000_create_users_table.php
> git show :app/Providers/AppServiceProvider.php
> git show :app/Providers/AuthServiceProvider.php
> git show :app/Providers/AppServiceProvider.php
> git check-ignore -z --stdin
> git show :config/adminlte.php
> git show :app/Providers/AppServiceProvider.php
> git show :config/adminlte.php
> git show :app/Providers/AuthServiceProvider.php
> git show :config/adminlte.php
> git check-ignore -z --stdin
> git show :resources/views/welcome.blade.php
> git check-ignore -z --stdin
> git show :resources/views/vendor/adminlte/page.blade.php
> git show :config/adminlte.php
> git show :resources/views/layouts/app.blade.php
> git ls-files --stage -- resources/views/layouts/
> git show :resources/views/auth/verify.blade.php
> git ls-files --stage -- resources/views/auth/
> git show :resources/views/auth/login.blade.php
> git ls-files --stage -- resources/views/auth/
> git show :resources/views/vendor/adminlte/login.blade.php
> git show :resources/views/auth/login.blade.php
> git ls-files --stage -- resources/views/auth/
> git show :resources/views/vendor/adminlte/login.blade.php
> git check-ignore -z --stdin
> git show :resources/views/vendor/adminlte/partials/menu-item.blade.php
> git show :resources/views/vendor/adminlte/partials/menu-item-top-nav.blade.php
> git show :config/adminlte.php
> git show :config/adminlte.php
> git show :resources/views/home.blade.php
> git ls-files --stage -- resources/views/
> git show :routes/web.php
> git check-ignore -z --stdin
> git show :app/Http/Controllers/HomeController.php
> git ls-files --stage -- app/Http/Controllers/
> git show :app/Http/Controllers/Controller.php
> git show :app/Http/Controllers/HomeController.php
> git ls-files --stage -- app/Http/Controllers/
> git show :resources/views/home.blade.php
> git ls-files --stage -- resources/views/
> git show :resources/views/auth/verify.blade.php
> git ls-files --stage -- resources/views/auth/
> git show :resources/views/auth/register.blade.php
> git ls-files --stage -- resources/views/auth/
> git show :resources/views/auth/login.blade.php
> git ls-files --stage -- resources/views/auth/
> git show :app/Http/Controllers/HomeController.php
> git ls-files --stage -- app/Http/Controllers/
> git show :app/Http/Middleware/Authenticate.php
> git show :routes/web.php
> git show :app/Providers/AuthServiceProvider.php
> git show :app/Http/Controllers/HomeController.php
> git ls-files --stage -- app/Http/Controllers/
> git show :routes/web.php
> git show :app/Http/Controllers/HomeController.php
> git ls-files --stage -- app/Http/Controllers/
> git show :app/Http/Controllers/CarroController.php
> git show :app/Http/Controllers/HomeController.php
> git ls-files --stage -- app/Http/Controllers/
> git show :resources/views/home.blade.php
> git ls-files --stage -- resources/views/
> git show :resources/views/auth/login.blade.php
> git ls-files --stage -- resources/views/auth/
> git show :resources/views/vendor/adminlte/login.blade.php
> git check-ignore -z --stdin
> git check-ignore -z --stdin
> git check-ignore -z --stdin
> git check-ignore -z --stdin
> git show :resources/lang/vendor/adminlte/pt-br/adminlte.php
> git ls-files --stage -- resources/lang/vendor/adminlte/pt-br/
> git check-ignore -z --stdin
> git show :resources/lang/en/pagination.php
> git show :resources/lang/en/passwords.php
> git show :resources/lang/en/validation.php
> git show :resources/lang/en/auth.php
> git show :resources/lang/en/pagination.php
> git show :resources/lang/en/validation.php
> git show :resources/lang/en/passwords.php
> git show :resources/lang/en/pagination.php
> git show :resources/lang/en/auth.php
> git check-ignore -z --stdin
> git show :resources/lang/vendor/adminlte/pt-br/adminlte.php
> git ls-files --stage -- resources/lang/vendor/adminlte/pt-br/
> git check-ignore -z --stdin
> git show :resources/lang/vendor/adminlte/en/adminlte.php
> git ls-files --stage -- resources/lang/vendor/adminlte/en/
> git show :resources/views/layouts/app.blade.php
> git ls-files --stage -- resources/views/layouts/
> git show :resources/views/vendor/adminlte/page.blade.php
> git show :resources/lang/vendor/adminlte/en/adminlte.php
> git ls-files --stage -- resources/lang/vendor/adminlte/en/
> git show :resources/lang/vendor/adminlte/pt-br/adminlte.php
> git ls-files --stage -- resources/lang/vendor/adminlte/pt-br/
> git show :resources/lang/vendor/adminlte/en/adminlte.php
> git ls-files --stage -- resources/lang/vendor/adminlte/en/
> git show :resources/lang/vendor/adminlte/pt-br/adminlte.php
> git ls-files --stage -- resources/lang/vendor/adminlte/pt-br/
> git show :resources/lang/vendor/adminlte/en/adminlte.php
> git ls-files --stage -- resources/lang/vendor/adminlte/en/
> git show :app/User.php
> git show :app/Carros.php
> git show :database/migrations/2018_12_17_004648_carros.php
> git show :database/migrations/2014_10_12_000000_create_users_table.php
> git show :database/migrations/2018_12_17_004648_carros.php
> git show :resources/views/welcome.blade.php
> git show :resources/views/avaliacao.blade.php
> git ls-files --stage -- resources/views/
> git check-ignore -z --stdin
> git show :database/migrations/2018_12_17_004648_carros.php
> git show :resources/views/avaliacao.blade.php
> git ls-files --stage -- resources/views/
> git show :database/seeds/CarrosTableSeeder.php
> git show :resources/views/avaliacao.blade.php
> git ls-files --stage -- resources/views/
> git show :resources/views/analise.blade.php
> git ls-files --stage -- resources/views/
> git check-ignore -z --stdin
> git show :routes/web.php
> git show :app/Carros.php
> git show :app/Http/Controllers/CarroController.php
> git show :resources/views/analise.blade.php
> git ls-files --stage -- resources/views/
> git check-ignore -z --stdin
> git show :config/adminlte.php
> git show :resources/views/info.blade.php
> git show :resources/views/analise.blade.php
> git ls-files --stage -- resources/views/
> git show :database/migrations/2018_12_17_004648_carros.php
> git show :app/Carros.php
> git show :app/Http/Controllers/CarroController.php
> git show :resources/lang/vendor/adminlte/en/adminlte.php
> git ls-files --stage -- resources/lang/vendor/adminlte/en/
> git show :app/Http/Controllers/CarroController.php
> git show :resources/views/analise.blade.php
> git ls-files --stage -- resources/views/
> git show :resources/views/welcome.blade.php
> git show :resources/lang/vendor/adminlte/en/adminlte.php
> git ls-files --stage -- resources/lang/vendor/adminlte/en/
> git show :resources/views/welcome.blade.php
> git show :config/app.php
> git show :resources/views/welcome.blade.php
> git show :database/seeds/CarrosTableSeeder.php
> git show :resources/views/welcome.blade.php
> git show :database/migrations/2014_10_12_000000_create_users_table.php
> git show :resources/views/welcome.blade.php
> git show :config/adminlte.php
> git show :app/Http/Controllers/CarroController.php
> git show :routes/web.php
> git show :app/Http/Controllers/CarroController.php
> git show :routes/web.php
> git show :resources/views/welcome.blade.php
> git show :resources/views/analise.blade.php
> git ls-files --stage -- resources/views/
> git show :resources/views/welcome.blade.php
> git show :app/Http/Controllers/CarroController.php
> git show :resources/views/welcome.blade.php
> git show :routes/web.php
> git show :app/Http/Middleware/Authenticate.php
> git show :app/Providers/AuthServiceProvider.php
> git show :app/Http/Middleware/Authenticate.php
> git show :database/migrations/2018_12_17_004648_carros.php
> git show :app/Http/Middleware/Authenticate.php
> git show :routes/web.php
> git show :app/Http/Middleware/Authenticate.php
> git show :app/Http/Controllers/CarroController.php
> git show :app/Providers/AuthServiceProvider.php
> git check-ignore -z --stdin
> git show :app/Http/Middleware/AdminMiddleware.php
> git ls-files --stage -- app/Http/Middleware/
> git show :app/User.php
> git show :database/migrations/2014_10_12_000000_create_users_table.php
> git show :app/Http/Middleware/AdminMiddleware.php
> git ls-files --stage -- app/Http/Middleware/
> git show :app/Providers/AuthServiceProvider.php
> git show :app/Http/Controllers/CarroController.php
> git show :database/migrations/2014_10_12_000000_create_users_table.php
> git show :app/Http/Middleware/AdminMiddleware.php
> git ls-files --stage -- app/Http/Middleware/
> git show :app/Providers/AuthServiceProvider.php
> git show :app/Http/Controllers/CarroController.php
> git show :routes/web.php
> git show :app/Providers/AuthServiceProvider.php
> git show :routes/web.php
> git show :app/Providers/AuthServiceProvider.php
> git show :app/Http/Middleware/AdminMiddleware.php
> git ls-files --stage -- app/Http/Middleware/
> git show :database/migrations/2014_10_12_000000_create_users_table.php
> git show :app/Providers/AuthServiceProvider.php
> git show :routes/web.php
> git show :resources/views/analise.blade.php
> git ls-files --stage -- resources/views/
> git show :routes/web.php
> git show :resources/views/analise.blade.php
> git ls-files --stage -- resources/views/
> git show :database/migrations/2014_10_12_000000_create_users_table.php
> git show :routes/web.php
> git show :app/Http/Controllers/CarroController.php
> git show :routes/web.php
> git show :resources/views/analise.blade.php
> git ls-files --stage -- resources/views/
> git show :routes/web.php
> git show :resources/views/analise.blade.php
> git ls-files --stage -- resources/views/
> git show :routes/web.php
> git show :resources/views/welcome.blade.php
> git show :resources/views/analise.blade.php
> git ls-files --stage -- resources/views/
> git show :routes/web.php
> git show :config/adminlte.php
> git show :routes/web.php
> git show :app/Carros.php
> git show :app/Http/Controllers/CarroController.php
> git show :routes/web.php
> git show :resources/views/analise.blade.php
> git ls-files --stage -- resources/views/
> git show :database/migrations/2014_10_12_000000_create_users_table.php
> git show :app/Http/Controllers/CarroController.php
> git show :app/Providers/AuthServiceProvider.php
> git show :routes/web.php
> git show :resources/views/welcome.blade.php
> git show :resources/views/analise.blade.php
> git ls-files --stage -- resources/views/
> git show :app/Http/Controllers/CarroController.php
> git show :resources/views/welcome.blade.php
> git show :resources/views/analise.blade.php
> git ls-files --stage -- resources/views/
> git show :app/Providers/AuthServiceProvider.php
> git show :routes/web.php
> git show :app/Providers/AuthServiceProvider.php
> git show :resources/views/analise.blade.php
> git ls-files --stage -- resources/views/
> git show :app/Providers/AuthServiceProvider.php
> git show :routes/web.php
> git show :resources/views/welcome.blade.php
> git show :resources/views/analise.blade.php
> git ls-files --stage -- resources/views/
> git show :app/Http/Controllers/CarroController.php
> git show :app/Carros.php
> git show :database/migrations/2018_12_17_004648_carros.php
> git show :resources/views/analise.blade.php
> git ls-files --stage -- resources/views/
> git show :resources/views/welcome.blade.php
> git show :app/Http/Middleware/AdminMiddleware.php
> git ls-files --stage -- app/Http/Middleware/
> git show :routes/web.php
> git show :config/adminlte.php
> git show :app/Carros.php
> git show :app/Providers/AuthServiceProvider.php
> git show :config/adminlte.php
> git show :resources/views/welcome.blade.php
> git show :routes/web.php
> git show :app/Http/Controllers/CarroController.php
> git show :resources/views/analise.blade.php
> git ls-files --stage -- resources/views/
> git show :app/Http/Controllers/CarroController.php
> git show :database/seeds/CarrosTableSeeder.php
> git show :database/migrations/2018_12_17_004648_carros.php
> git show :resources/views/analise.blade.php
> git ls-files --stage -- resources/views/
> git show :database/seeds/CarrosTableSeeder.php
> git show :database/seeds/DatabaseSeeder.php
> git check-ignore -z --stdin
> git show :database/migrations/2018_12_20_004726_user_table_seeder.php
> git ls-files --stage -- database/migrations/
> git show :database/migrations/2018_12_17_004648_carros.php
> git show :database/migrations/2018_12_20_004726_user_table_seeder.php
> git ls-files --stage -- database/migrations/
> git show :database/migrations/2018_12_17_004648_carros.php
> git show :database/migrations/2018_12_20_004726_user_table_seeder.php
> git ls-files --stage -- database/migrations/
> git show :database/migrations/2018_12_17_004648_carros.php
> git show :database/migrations/2018_12_20_004726_user_table_seeder.php
> git ls-files --stage -- database/migrations/
> git show :database/migrations/2018_12_17_004648_carros.php
> git show :database/seeds/CarrosTableSeeder.php
> git check-ignore -z --stdin
> git show :database/seeds/UserTableSeeder.php
> git ls-files --stage -- database/seeds/
> git show :database/seeds/DatabaseSeeder.php
> git show :database/seeds/CarrosTableSeeder.php
> git show :database/seeds/UserTableSeeder.php
> git ls-files --stage -- database/seeds/
> git show :database/migrations/2014_10_12_000000_create_users_table.php
> git show :database/seeds/UserTableSeeder.php
> git ls-files --stage -- database/seeds/
> git show :database/migrations/2014_10_12_000000_create_users_table.php
> git show :database/migrations/2018_12_17_004648_carros.php
> git show :database/migrations/2014_10_12_100000_create_password_resets_table.php
> git show :database/migrations/2014_10_12_000000_create_users_table.php
> git show :database/migrations/2014_10_12_100000_create_password_resets_table.php
> git show :database/migrations/2018_12_17_004648_carros.php
> git show :database/seeds/UserTableSeeder.php
> git ls-files --stage -- database/seeds/
> git show :database/migrations/2014_10_12_000000_create_users_table.php
> git show :database/migrations/2018_12_17_004648_carros.php
> git show :database/seeds/UserTableSeeder.php
> git ls-files --stage -- database/seeds/
> git show :app/Carros.php
> git show :config/adminlte.php
> git show :app/Providers/AuthServiceProvider.php
> git show :resources/views/welcome.blade.php
> git show :database/seeds/UserTableSeeder.php
> git ls-files --stage -- database/seeds/
> git show :resources/views/analise.blade.php
> git ls-files --stage -- resources/views/
> git show :resources/views/welcome.blade.php
> git show :resources/views/analise.blade.php
> git ls-files --stage -- resources/views/
> git show :routes/web.php
> git show :resources/views/analise.blade.php
> git ls-files --stage -- resources/views/
> git show :app/Http/Controllers/CarroController.php
> git show :resources/views/analise.blade.php
> git ls-files --stage -- resources/views/
> git show :routes/web.php
> git show :resources/views/analise.blade.php
> git ls-files --stage -- resources/views/
> git show :database/seeds/UserTableSeeder.php
> git ls-files --stage -- database/seeds/
> git show :database/migrations/2014_10_12_000000_create_users_table.php
> git show :database/migrations/2018_12_17_004648_carros.php
> git show :routes/web.php
> git show :resources/views/welcome.blade.php
> git show :resources/views/analise.blade.php
> git ls-files --stage -- resources/views/
> git show :app/Http/Controllers/CarroController.php
> git show :routes/web.php
> git show :resources/views/welcome.blade.php
> git show :resources/views/analise.blade.php
> git ls-files --stage -- resources/views/
> git show :routes/web.php
> git show :app/Http/Controllers/CarroController.php
> git show :composer.json
> git show :config/app.php
> git show :resources/views/analise.blade.php
> git ls-files --stage -- resources/views/
> git show :database/migrations/2018_12_17_004648_carros.php
> git show :resources/views/analise.blade.php
> git ls-files --stage -- resources/views/
> git show :resources/views/analise.blade.php
> git ls-files --stage -- resources/views/
> git show :composer.json
> git show :resources/views/analise.blade.php
> git ls-files --stage -- resources/views/
> git show :composer.json
> git show :resources/views/analise.blade.php
> git ls-files --stage -- resources/views/
> git show :routes/web.php
> git show :app/Http/Controllers/CarroController.php
> git show :app/Providers/AuthServiceProvider.php
> git show :routes/web.php
> git show :app/Http/Controllers/CarroController.php
> git show :composer.json
> git show :app/Http/Controllers/CarroController.php
> git show :routes/web.php
> git show :resources/views/analise.blade.php
> git ls-files --stage -- resources/views/
> git show :app/Carros.php
> git show :app/Http/Controllers/CarroController.php
> git show :database/seeds/CarrosTableSeeder.php
> git check-ignore -z --stdin
> git show :app/Http/Middleware/AdminMiddleware.php
> git ls-files --stage -- app/Http/Middleware/
> git show :app/Http/Middleware/Authenticate.php
> git show :app/Http/Middleware/AdminMiddleware.php
> git ls-files --stage -- app/Http/Middleware/
> git show :app/Providers/AuthServiceProvider.php
> git show :app/Carros.php
